Item name: Champion Sport Bag
Factory: Gemline
SKU: 7059
Seller: Non-preferred
Item Count: 50
MSRP: 9.75
MSRP Price Code: P
Discount percentage: 0.5
Initial unit cost: 9.75
Discount unit cost: 4.875
After supplier level: 4.875
Number of imprint colors: 2
Applying 2 setups
Charge: 55.0
Price code: V
Discounted Charge: 44.0
After applying charge unit cost: 6.635
Applying 1 additional color charges
Charge: 0.99
Price code: V
Discounted Charge: 0.792
After Run applied unit cost: 7.427
After product level upcharges: 7.427
Applying tax rate 0.0
After applying tax rate: 7.427
Applying shipping
Carton quantity: 40
Number of packages: 2
Originating zip: 01843-1066
Destination zip: 19020
Shipping cost 40.9
After applying shipping cost: 8.2449999999999999
Applying markup: 0.1
After applying markup: 9.06949999999999989
Applying PX commission: 0.0899
After applying commision: 9.96538841885507075046698165
Applying processing cost:
Payment processing commission: 0.029
Payment processing flat fee: 0.3
After applying processing cost: 10.269015879356406540130774098867147271
Total prebid bid: 513.45079396782032700653870494335736355

Item name: Collapsible Party Cooler
Factory: Gemline
SKU: 9276
Seller: Non-preferred
Item Count: 25
MSRP: 26.25
MSRP Price Code: P
Discount percentage: 0.5
Initial unit cost: 26.25
Discount unit cost: 13.125
After supplier level: 13.125
Number of imprint colors: 2
Applying 2 setups
Charge: 55.0
Price code: V
Discounted Charge: 44.0
After applying charge unit cost: 16.645
Applying 1 additional color charges
Charge: 0.99
Price code: V
Discounted Charge: 0.792
After Run applied unit cost: 17.437
After product level upcharges: 17.437
Applying tax rate 0.0
After applying tax rate: 17.437
Applying shipping
Carton quantity: 12
Number of packages: 3
Originating zip: 01843-1066
Destination zip: 19020
Shipping cost 61.35
After applying shipping cost: 19.891
Applying markup: 0.1
After applying markup: 21.8801
Applying PX commission: 0.0899
After applying commision: 24.041424019338534227
Applying processing cost:
Payment processing commission: 0.029
Payment processing flat fee: 0.3
After applying processing cost: 24.771448011677172221421215242
Total prebid bid: 619.28620029192930553553038105

Item name: Fifty Two Hundred Power Bank And Led Light
Factory: Crown Products, Inc.
SKU: FIFTPWBK
Seller: Non-preferred
Item Count: 20
MSRP: 49.99
MSRP Price Code: C
Discount percentage: 0.6
Initial unit cost: 49.99
Discount unit cost: 29.994
After supplier level: 29.994
Number of imprint colors: 2
Applying 2 setups
Charge: 55.0
Price code: G
Discounted Charge: 44.0
After applying charge unit cost: 34.394
After product level upcharges: 34.394
Applying tax rate 0.0
After applying tax rate: 34.394
Applying shipping
Carton quantity: 40
Number of packages: 1
Originating zip: 36606-2506
Destination zip: 19020
Shipping cost 17.21
After applying shipping cost: 35.2545
Applying markup: 0.1
After applying markup: 38.77995
Applying PX commission: 0.0899
After applying commision: 42.610647181628392484
Applying processing cost:
Payment processing commission: 0.029
Payment processing flat fee: 0.3
After applying processing cost: 43.898261773046748181256436663
Total prebid bid: 877.96523546093496362512873326

Item name: Tire Gauge
Factory: Crown Products, Inc.
SKU: TIREGE
Seller: Non-preferred
Item Count: 250
MSRP: 1.79
MSRP Price Code: C
Discount percentage: 0.6
Initial unit cost: 1.79
Discount unit cost: 1.074
After supplier level: 1.074
Number of imprint colors: 0
After product level upcharges: 1.074
Applying tax rate 0.0
After applying tax rate: 1.074
Applying shipping
Carton quantity: 500
Number of packages: 1
Originating zip: 36606-2506
Destination zip: 19020
Shipping cost 21.12
After applying shipping cost: 1.15848
Applying markup: 0.1
After applying markup: 1.274328
Applying PX commission: 0.0899
After applying commision: 1.400206570706515767
Applying processing cost:
Payment processing commission: 0.029
Payment processing flat fee: 0.3
After applying processing cost: 1.443225304538121284243048404
Total prebid bid: 360.806326134530321060762101

Item name: 7/16" Nylon Elastic Tucked End Strap
Factory: Fields Manufacturing
SKU: TES
Seller: Non-preferred
Item Count: 100
MSRP: 2.11
MSRP Price Code: C
Discount percentage: 0.6
Initial unit cost: 2.11
Discount unit cost: 1.266
After supplier level: 1.266
Number of imprint colors: 1
Applying 1 setups
Charge: 50.0
Price code: G
Discounted Charge: 40.0
After applying charge unit cost: 1.666
After product level upcharges: 1.666
Applying tax rate 0.0
After applying tax rate: 1.666
Applying shipping
Carton quantity: 100
Number of packages: 1
Originating zip: 56301
Destination zip: 19020
Shipping cost 14.57
After applying shipping cost: 1.8117
Applying markup: 0.1
After applying markup: 1.99287
Applying PX commission: 0.0899
After applying commision: 2.189726403691901989
Applying processing cost:
Payment processing commission: 0.029
Payment processing flat fee: 0.3
After applying processing cost: 2.25812502954881770236869207
Total prebid bid: 225.812502954881770236869207

Item name: Chevy Van
Factory: Fields Manufacturing
SKU: 907
Seller: Non-preferred
Item Count: 100
MSRP: 7.47
MSRP Price Code: C
Discount percentage: 0.6
Initial unit cost: 7.47
Discount unit cost: 4.482
After supplier level: 4.482
Number of imprint colors: 2
Applying 2 setups
Charge: 50.0
Price code: G
Discounted Charge: 40.0
After applying charge unit cost: 5.282
After product level upcharges: 5.282
Applying tax rate 0.0
After applying tax rate: 5.282
Applying shipping
Carton quantity: 100
Number of packages: 1
Originating zip: 56301
Destination zip: 19020
Shipping cost 17.92
After applying shipping cost: 5.4612
Applying markup: 0.1
After applying markup: 6.00732
Applying PX commission: 0.0899
After applying commision: 6.600725195033512801
Applying processing cost:
Payment processing commission: 0.029
Payment processing flat fee: 0.3
After applying processing cost: 6.80086322866479176210092688
Total prebid bid: 680.086322866479176210092688

Item name: Milano Deluxe Versa Folio™
Factory: Leed's / Leeds
SKU: 9100-15
Seller: Non-preferred
Item Count: 24
MSRP: 34.0
MSRP Price Code: C
Discount percentage: 0.6
Initial unit cost: 34.0
Discount unit cost: 20.4
After supplier level: 20.4
Number of imprint colors: 3
Applying 3 setups
Charge: 44.0
Price code: V
Discounted Charge: 35.2
After applying charge unit cost: 24.800000000000001
Applying 2 additional color charges
Charge: 0.79
Price code: V
Discounted Charge: 0.6320000000000001
After Run applied unit cost: 26.0640000000000012
After product level upcharges: 26.0640000000000012
Applying tax rate 0.0
After applying tax rate: 26.0640000000000012
Applying shipping
Carton quantity: 6
Number of packages: 4
Originating zip: 15068-7059
Destination zip: 19020
Shipping cost 64.6
After applying shipping cost: 28.7556666666666672
Applying markup: 0.1
After applying markup: 31.63123333333333392
Applying PX commission: 0.0899
After applying commision: 34.75577775336043722667838699
Applying processing cost:
Payment processing commission: 0.029
Payment processing flat fee: 0.3
After applying processing cost: 35.806297892235259759709976302780638517
Total prebid bid: 859.351149413646234233039431266735324408
running_unit_price=9.822
Item name: Zoomin Led Flashlight
Factory: Leed's / Leeds
SKU: 1225-21
Seller: Non-preferred
Item Count: 36
MSRP: 16.37
MSRP Price Code: C
Discount percentage: 0.6
Initial unit cost: 16.37
Discount unit cost: 9.822
After supplier level: 9.822
Number of imprint colors: 1
Applying 1 setups
Charge: 44.0
Price code: V
Discounted Charge: 35.2
After applying charge unit cost: 10.7997777777777779
After product level upcharges: 10.7997777777777779
Applying tax rate 0.0
After applying tax rate: 10.7997777777777779
Applying shipping
Carton quantity: 100
Number of packages: 1
Originating zip: 15068-7059
Destination zip: 19020
Shipping cost 20.21
After applying shipping cost: 11.3611666666666668
Applying markup: 0.1
After applying markup: 12.49728333333333348
Applying PX commission: 0.0899
After applying commision: 13.731769402629747807933194154
Applying processing cost:
Payment processing commission: 0.029
Payment processing flat fee: 0.3
After applying processing cost: 14.150217373116801724280323536560247168
Total prebid bid: 509.407825432204862074091647316168898048
